<?xml version="1.0" encoding="UTF-8"?>
<!-- Generated by org.testng.reporters.JUnitReportReporter -->
<testsuite hostname="Pittu" failures="0" tests="1" name="APIPractice.RestAssuredPractice.LibraryAPIPractice" time="2.226" errors="0" timestamp="2022-11-08T15:56:33 EST" skipped="0">
  <testcase classname="APIPractice.RestAssuredPractice.LibraryAPIPractice" name="addBook" time="2.226"/>
  <system-out/>
</testsuite> <!-- APIPractice.RestAssuredPractice.LibraryAPIPractice -->
